c:\users\mohamedtarek\desktop\speed_2_2\x64\debug\vc120.pdb
c:\users\mohamedtarek\desktop\speed_2_2\x64\debug\vc120.idb
c:\users\mohamedtarek\desktop\speed_2_2\x64\debug\demo.obj
c:\users\mohamedtarek\desktop\speed_2_2\x64\debug\featureclass.obj
c:\users\mohamedtarek\desktop\speed_2_2\x64\debug\vehiclecouting.obj
c:\users\mohamedtarek\desktop\speed_2_2\x64\debug\pbas.obj
c:\users\mohamedtarek\desktop\speed_2_2\x64\debug\pixelbasedadaptivesegmenter.obj
c:\users\mohamedtarek\desktop\speed_2_2\x64\debug\blobtracking.obj
c:\users\mohamedtarek\desktop\speed_2_2\x64\debug\cvaux.obj
c:\users\mohamedtarek\desktop\speed_2_2\x64\debug\cvblob.obj
c:\users\mohamedtarek\desktop\speed_2_2\x64\debug\cvcolor.obj
c:\users\mohamedtarek\desktop\speed_2_2\x64\debug\cvcontour.obj
c:\users\mohamedtarek\desktop\speed_2_2\x64\debug\cvlabel.obj
c:\users\mohamedtarek\desktop\speed_2_2\x64\debug\cvtrack.obj
c:\users\mohamedtarek\desktop\speed_2_2\x64\debug\project.ilk
c:\users\mohamedtarek\desktop\speed_2_2\x64\debug\project.exe
c:\users\mohamedtarek\desktop\speed_2_2\x64\debug\project.pdb
c:\users\mohamedtarek\desktop\speed_2_2\x64\debug\project.tlog\cl.command.1.tlog
c:\users\mohamedtarek\desktop\speed_2_2\x64\debug\project.tlog\cl.read.1.tlog
c:\users\mohamedtarek\desktop\speed_2_2\x64\debug\project.tlog\cl.write.1.tlog
c:\users\mohamedtarek\desktop\speed_2_2\x64\debug\project.tlog\link.command.1.tlog
c:\users\mohamedtarek\desktop\speed_2_2\x64\debug\project.tlog\link.read.1.tlog
c:\users\mohamedtarek\desktop\speed_2_2\x64\debug\project.tlog\link.write.1.tlog
